<?xml version="1.0" encoding="UTF-8"?>
<testng-results skipped="0" failed="0" ignored="0" total="1" passed="1">
  <reporter-output>
  </reporter-output>
  <suite name="Default suite" duration-ms="8539" started-at="2018-01-15T18:36:15Z" finished-at="2018-01-15T18:36:24Z">
    <groups>
    </groups>
    <test name="Default test" duration-ms="8539" started-at="2018-01-15T18:36:15Z" finished-at="2018-01-15T18:36:24Z">
      <class name="rvirgo1.GitTest.AppTest">
        <test-method status="PASS" signature="guru99tutorial()[pri:0, instance:rvirgo1.GitTest.AppTest@39aeed2f]" name="guru99tutorial" duration-ms="8523" started-at="2018-01-15T11:36:15Z" finished-at="2018-01-15T11:36:24Z">
          <reporter-output>
          </reporter-output>
        </test-method> <!-- guru99tutorial -->
      </class> <!-- rvirgo1.GitTest.AppTest -->
    </test> <!-- Default test -->
  </suite> <!-- Default suite -->
</testng-results>
