<?xml version="1.0" encoding="UTF-8"?>
<testng-results skipped="0" failed="0" ignored="0" total="1" passed="1">
  <reporter-output>
  </reporter-output>
  <suite name="Default suite" duration-ms="8668" started-at="2018-01-17T15:59:40Z" finished-at="2018-01-17T15:59:49Z">
    <groups>
    </groups>
    <test name="Default test" duration-ms="8668" started-at="2018-01-17T15:59:40Z" finished-at="2018-01-17T15:59:49Z">
      <class name="rvirgo1.GitTest.AppTest">
        <test-method status="PASS" signature="guru99tutorial()[pri:0, instance:rvirgo1.GitTest.AppTest@6093dd95]" name="guru99tutorial" duration-ms="8652" started-at="2018-01-17T08:59:40Z" finished-at="2018-01-17T08:59:49Z">
          <reporter-output>
          </reporter-output>
        </test-method> <!-- guru99tutorial -->
      </class> <!-- rvirgo1.GitTest.AppTest -->
    </test> <!-- Default test -->
  </suite> <!-- Default suite -->
</testng-results>
